{"ip":"::1","level":"error","message":"AUTH REGISTER -- Attempted to register an existing email: With status code 400 with the email of trizxd123@gmail.com","method":"POST","timestamp":"2026-03-14 12:13:44"}
{"ip":"::1","level":"error","message":"AUTH LOGIN -- User trizxd123@gmail.com password do not match with status code 200","method":"POST","timestamp":"2026-03-14 12:19:00"}
{"ip":"::1","level":"error","message":"AUTH LOGIN -- User trizxd123@gmail.com password do not match with status code (400)","method":"POST","timestamp":"2026-03-14 12:20:42"}
{"ip":"::1","level":"error","message":"AUTH LOGIN -- Cannot read properties of null (reading 'email') with status code (500)","method":"POST","timestamp":"2026-03-14 12:21:24"}
{"ip":"::1","level":"error","message":"AUTH LOGIN -- Cannot read properties of null (reading 'email') with status code (500)","method":"POST","timestamp":"2026-03-14 12:21:31"}
{"ip":"::1","level":"error","message":"AUTH LOGIN -- User trizxd123@gmail.com password do not match with status code (400)","method":"POST","timestamp":"2026-03-14 12:21:41"}
{"ip":"::1","level":"error","message":"AUTH LOGIN -- Cannot read properties of null (reading 'email') with status code (500)","method":"POST","timestamp":"2026-03-14 12:21:45"}
{"ip":"::1","level":"error","message":"AUTH LOGIN -- Cannot read properties of null (reading 'email') with status code (500)","method":"POST","timestamp":"2026-03-14 12:22:39"}
{"ip":"::1","level":"error","message":"AUTH LOGIN -- User trizxd123@gmail.com password do not match with status code (400)","method":"POST","timestamp":"2026-03-15 09:56:49"}
{"ip":"::1","level":"error","message":"AUTH LOGIN -- User trizxd123@gmail.com password do not match with status code (400)","method":"POST","timestamp":"2026-03-15 09:56:55"}
{"ip":"::1","level":"error","message":"AUTH LOGIN -- User trizxd123@gmail.com password do not match with status code (400)","method":"POST","timestamp":"2026-03-15 10:11:59"}
{"ip":"::1","level":"error","message":"AUTH LOGIN -- User trizxd123@gmail.com password do not match with status code (400)","method":"POST","timestamp":"2026-03-15 10:16:17"}
{"ip":"::1","level":"error","message":"AUTH LOGIN -- User trizxd123@gmail.com password do not match with status code (400)","method":"POST","timestamp":"2026-03-15 10:16:22"}
{"ip":"::1","level":"error","message":"AUTH LOGIN -- User trizxd123@gmail.com password do not match with status code (400)","method":"POST","timestamp":"2026-03-15 10:16:43"}
{"ip":"::1","level":"error","message":"AUTH LOGIN -- User trizxd123@gmail.com password do not match with status code (400)","method":"POST","timestamp":"2026-03-15 10:17:00"}
{"ip":"::1","level":"error","message":"AUTH LOGIN -- User trizxd123@gmail.com password do not match with status code (400)","method":"POST","timestamp":"2026-03-15 10:18:58"}
{"ip":"::1","level":"error","message":"AUTH REGISTER -- Attempted to register an existing email: With status code 400 with the email of trizxd123@gmail.com","method":"POST","timestamp":"2026-03-15 10:35:14"}
{"ip":"::1","level":"error","message":"AUTH REGISTER -- Attempted to register an existing email: With status code 400 with the email of trizxd123@gmail.com","method":"POST","timestamp":"2026-03-15 10:39:11"}
{"ip":"::1","level":"error","message":"AUTH REGISTER -- Attempted to register an existing email: With status code 400 with the email of trizxd123@gmail.com","method":"POST","timestamp":"2026-03-15 10:39:34"}
{"ip":"::1","level":"error","message":"AUTH REGISTER -- Attempted to register an existing email: With status code 400 with the email of trizxd123@gmail.com","method":"POST","timestamp":"2026-03-15 10:40:25"}
{"ip":"::1","level":"error","message":"AUTH REGISTER -- Attempted to register an existing email: With status code 400 with the email of trizxd123@gmail.com","method":"POST","timestamp":"2026-03-15 10:41:42"}
{"ip":"::1","level":"error","message":"AUTH LOGIN -- User trizxd123@gmail.com password do not match with status code (400)","method":"POST","timestamp":"2026-03-15 10:46:08"}
{"ip":"::1","level":"error","message":"AUTH LOGIN -- User trizxd123@gmail.com password do not match with status code (400)","method":"POST","timestamp":"2026-03-15 10:46:18"}
{"ip":"::1","level":"error","message":"AUTH LOGIN -- Cannot read properties of null (reading 'email') with status code (500)","method":"POST","timestamp":"2026-03-16 08:17:40"}
{"ip":"::1","level":"error","message":"AUTH LOGIN -- Cannot read properties of null (reading 'email') with status code (500)","method":"POST","timestamp":"2026-03-16 08:17:50"}
{"ip":"::1","level":"error","message":"AUTH LOGIN -- User trizxd123@gmail.com password do not match with status code (400)","method":"POST","timestamp":"2026-03-17 06:51:06"}
{"ip":"::1","level":"error","message":"AUTH REGISTER -- Attempted to register an existing email: With status code 400 with the email of trizxd123@gmail.com","method":"POST","timestamp":"2026-03-17 06:51:27"}
{"ip":"::1","level":"error","message":"AUTH LOGIN -- User trizxd123@gmail.com password do not match with status code (400)","method":"POST","timestamp":"2026-03-17 18:54:01"}
{"ip":"::1","level":"error","message":"ROOM CREATE -- User is not defined","method":"POST","timestamp":"2026-03-18 08:36:51"}
{"ip":"::1","level":"error","message":"AUTH LOGIN -- User trizxd123@gmail.com password do not match with status code (400)","method":"POST","timestamp":"2026-03-18 08:43:27"}
{"ip":"::1","level":"error","message":"ROOM CREATE -- User is not defined","method":"POST","timestamp":"2026-03-18 08:50:12"}
{"ip":"::1","level":"error","message":"ROOM CREATE -- User is not defined","method":"POST","timestamp":"2026-03-18 08:50:20"}
{"ip":"::1","level":"error","message":"ROOM CREATE -- Attempted to create a room with an existing name","method":"POST","timestamp":"2026-03-18 08:54:10"}
{"ip":"::1","level":"error","message":"ROOM CREATE -- Attempted to create a room with an existing name","method":"POST","timestamp":"2026-03-18 08:54:15"}
{"ip":"::1","level":"error","message":"ROOM CREATE -- Attempted to create a room with an existing name","method":"POST","timestamp":"2026-03-18 08:54:21"}
{"ip":"::1","level":"error","message":"ROOM CREATE -- Attempted to create a room with an existing name","method":"POST","timestamp":"2026-03-18 08:56:26"}
{"ip":"::1","level":"error","message":"ROOM CREATE -- Attempted to create a room with an existing name","method":"POST","timestamp":"2026-03-18 08:58:27"}
{"ip":"::1","level":"error","message":"ROOM CREATE -- Attempted to create a room with an existing name","method":"POST","timestamp":"2026-03-18 08:58:41"}
{"ip":"::1","level":"error","message":"ROOM CREATE -- Attempted to create a room with an existing name","method":"POST","timestamp":"2026-03-18 08:58:42"}
{"ip":"::1","level":"error","message":"ROOM CREATE -- Attempted to create a room with an existing name","method":"POST","timestamp":"2026-03-18 08:59:49"}
{"ip":"::1","level":"error","message":"ROOM CREATE -- Attempted to create a room with an existing name","method":"POST","timestamp":"2026-03-18 09:00:13"}
{"ip":"::1","level":"error","message":"ROOM CREATE -- Attempted to create a room with an existing name","method":"POST","timestamp":"2026-03-18 09:00:27"}
{"ip":"::1","level":"error","message":"ROOM CREATE -- Attempted to create a room with an existing name","method":"POST","timestamp":"2026-03-18 09:00:37"}
{"ip":"::ffff:127.0.0.1","level":"error","message":"ROOM CREATE -- Attempted to create a room with an existing name","method":"POST","timestamp":"2026-03-18 09:17:44"}
{"ip":"::1","level":"error","message":"ROOM CREATE -- Attempted to create a room with an existing name","method":"POST","timestamp":"2026-03-18 09:28:08"}
{"ip":"::1","level":"error","message":"AUTH LOGIN -- Cannot read properties of null (reading 'email') with status code (500)","method":"POST","timestamp":"2026-03-18 14:13:59"}
{"ip":"::1","level":"error","message":"AUTH LOGIN -- secretOrPrivateKey must have a value with status code (500)","method":"POST","timestamp":"2026-03-19 22:51:18"}
{"ip":"::1","level":"error","message":"AUTH LOGIN -- secretOrPrivateKey must have a value with status code (500)","method":"POST","timestamp":"2026-03-19 22:51:28"}
{"ip":"::1","level":"error","message":"AUTH LOGIN -- Cannot read properties of null (reading 'email') with status code (500)","method":"POST","timestamp":"2026-03-19 22:52:22"}
{"ip":"::1","level":"error","message":"AUTH LOGIN -- Cannot read properties of null (reading 'email') with status code (500)","method":"POST","timestamp":"2026-03-19 22:52:35"}
{"ip":"::1","level":"error","message":"AUTH LOGIN -- secretOrPrivateKey must have a value with status code (500)","method":"POST","timestamp":"2026-03-19 22:53:03"}
{"ip":"::1","level":"error","message":"AUTH LOGIN -- secretOrPrivateKey must have a value with status code (500)","method":"POST","timestamp":"2026-03-19 22:57:02"}
{"ip":"::1","level":"error","message":"AUTH REGISTER -- Attempted to register an existing email: With status code 400 with the email of jhervinmungcal101@gmail.com","method":"POST","timestamp":"2026-03-19 22:57:20"}
{"ip":"::1","level":"error","message":"AUTH LOGIN -- secretOrPrivateKey must have a value with status code (500)","method":"POST","timestamp":"2026-03-19 22:57:32"}
{"ip":"::1","level":"error","message":"AUTH LOGIN -- Cannot read properties of null (reading 'email') with status code (500)","method":"POST","timestamp":"2026-03-19 22:57:59"}
{"ip":"::1","level":"error","message":"AUTH LOGIN -- Cannot read properties of null (reading 'email') with status code (500)","method":"POST","timestamp":"2026-03-19 22:59:35"}
{"ip":"::1","level":"error","message":"AUTH LOGIN -- Cannot read properties of null (reading 'email') with status code (500)","method":"POST","timestamp":"2026-03-19 23:10:34"}
{"ip":"::1","level":"error","message":"AUTH LOGIN -- Cannot read properties of null (reading 'email') with status code (500)","method":"POST","timestamp":"2026-03-19 23:10:40"}
{"ip":"::ffff:127.0.0.1","level":"error","message":"AUTH LOGIN -- User trizxd123@gmail.com password do not match with status code (400)","method":"POST","timestamp":"2026-03-19 19:38:04"}
{"ip":"::ffff:127.0.0.1","level":"error","message":"AUTH LOGIN -- User trizxd123@gmail.com password do not match with status code (400)","method":"POST","timestamp":"2026-03-19 19:38:09"}
{"ip":"::1","level":"error","message":"AUTH LOGIN -- User triztanverzosa.pdm@gmail.com password do not match with status code (400)","method":"POST","timestamp":"2026-03-20 18:30:07"}
{"ip":"::1","level":"error","message":"AUTH REGISTER -- Attempted to register an existing email: With status code 400 with the email of triztanverzosa.pdm@gmail.com","method":"POST","timestamp":"2026-03-20 18:30:17"}
{"ip":"::1","level":"error","message":"AUTH LOGIN -- Cast to string failed for value \"{ email: 'trizxd123@gmail.com', password: 'password' }\" (type Object) at path \"email\" for model \"User\" with status code (500)","method":"POST","timestamp":"2026-03-21 11:12:46"}
{"ip":"::1","level":"error","message":"AUTH LOGIN -- Cast to string failed for value \"{ email: 'trizxd123@gmail.com', password: 'password' }\" (type Object) at path \"email\" for model \"User\" with status code (500)","method":"POST","timestamp":"2026-03-21 11:14:16"}
{"ip":"::1","level":"error","message":"AUTH LOGIN -- Cast to string failed for value \"{ email: 'trizxd123@gmail.com', password: 'password' }\" (type Object) at path \"email\" for model \"User\" with status code (500)","method":"POST","timestamp":"2026-03-22 10:44:56"}
{"ip":"::1","level":"error","message":"AUTH LOGIN -- Cast to string failed for value \"{ email: 'trizxd123@gmail.com', password: 'password' }\" (type Object) at path \"email\" for model \"User\" with status code (500)","method":"POST","timestamp":"2026-03-22 10:45:18"}
{"ip":"::1","level":"error","message":"AUTH LOGIN -- Cast to string failed for value \"{ email: 'asdasdasd@gmail.com', password: 'asdsadads' }\" (type Object) at path \"email\" for model \"User\" with status code (500)","method":"POST","timestamp":"2026-03-22 10:46:27"}
{"ip":"::1","level":"error","message":"AUTH LOGIN -- Cast to string failed for value \"{ email: 'trizxd123@gmail.com', password: 'password' }\" (type Object) at path \"email\" for model \"User\" with status code (500)","method":"POST","timestamp":"2026-03-22 10:47:07"}
{"ip":"::1","level":"error","message":"AUTH LOGIN -- Cast to string failed for value \"{ email: 'trizxd123@gmail.com', password: 'passwor' }\" (type Object) at path \"email\" for model \"User\" with status code (500)","method":"POST","timestamp":"2026-03-22 10:47:14"}
{"ip":"::1","level":"error","message":"AUTH LOGIN -- Cast to string failed for value \"{ email: 'trizxd123@gmail.com', password: 'password' }\" (type Object) at path \"email\" for model \"User\" with status code (500)","method":"POST","timestamp":"2026-03-22 10:48:11"}
{"ip":"::1","level":"error","message":"AUTH LOGIN -- Cast to string failed for value \"{ email: 'trizxd123@gmail.com', password: 'password' }\" (type Object) at path \"email\" for model \"User\" with status code (500)","method":"POST","timestamp":"2026-03-22 10:48:41"}
{"ip":"::1","level":"error","message":"AUTH LOGIN -- Cast to string failed for value \"{ email: 'trizxd123@gmail.com', password: 'password' }\" (type Object) at path \"email\" for model \"User\" with status code (500)","method":"POST","timestamp":"2026-03-22 10:51:46"}
{"ip":"::ffff:127.0.0.1","level":"error","message":"AUTH LOGIN -- Cannot access 'email' before initialization with status code (500)","method":"POST","timestamp":"2026-03-22 10:54:08"}
{"ip":"::1","level":"error","message":"AUTH LOGIN -- Cannot access 'email' before initialization with status code (500)","method":"POST","timestamp":"2026-03-22 10:55:47"}
{"ip":"::1","level":"error","message":"AUTH LOGIN -- Cannot access 'email' before initialization with status code (500)","method":"POST","timestamp":"2026-03-22 10:56:20"}
{"ip":"::1","level":"error","message":"AUTH LOGIN -- Cannot access 'email' before initialization with status code (500)","method":"POST","timestamp":"2026-03-22 10:57:37"}
{"ip":"::1","level":"error","message":"AUTH LOGIN -- Cannot access 'email' before initialization with status code (500)","method":"POST","timestamp":"2026-03-22 10:57:57"}
{"ip":"::1","level":"error","message":"AUTH LOGIN -- User triztanverzosa.pdm@gmail.com password do not match with status code (400)","method":"POST","timestamp":"2026-03-22 10:59:53"}
{"ip":"::1","level":"error","message":"AUTH LOGIN -- Cannot read properties of null (reading 'email') with status code (500)","method":"POST","timestamp":"2026-03-22 11:02:54"}
{"ip":"::1","level":"error","message":"AUTH LOGIN -- User trizxd123@gmail.com password do not match with status code (400)","method":"POST","timestamp":"2026-03-22 11:07:40"}
{"ip":"::1","level":"error","message":"AUTH LOGIN -- User trizxd123@gmail.com password do not match with status code (400)","method":"POST","timestamp":"2026-03-22 11:08:20"}
{"ip":"::1","level":"error","message":"AUTH LOGIN -- User trizxd123@gmail.com password do not match with status code (400)","method":"POST","timestamp":"2026-03-22 11:40:58"}
{"ip":"::1","level":"error","message":"AUTH LOGIN -- User trizxd123@gmail.com password do not match with status code (400)","method":"POST","timestamp":"2026-03-22 11:41:27"}
{"ip":"::1","level":"error","message":"AUTH LOGIN -- User trizxd123@gmail.com password do not match with status code (400)","method":"POST","timestamp":"2026-03-22 11:43:20"}
{"ip":"::1","level":"error","message":"AUTH LOGIN -- User trizxd123@gmail.com password do not match with status code (400)","method":"POST","timestamp":"2026-03-22 11:43:23"}
{"ip":"::1","level":"error","message":"AUTH LOGIN -- User trizxd123@gmail.com password do not match with status code (400)","method":"POST","timestamp":"2026-03-22 11:43:23"}
{"ip":"::1","level":"error","message":"AUTH LOGIN -- User trizxd123@gmail.com password do not match with status code (400)","method":"POST","timestamp":"2026-03-22 11:43:28"}
{"ip":"::1","level":"error","message":"AUTH LOGIN -- User trizxd123@gmail.com password do not match with status code (400)","method":"POST","timestamp":"2026-03-22 11:43:35"}
{"ip":"::1","level":"error","message":"AUTH LOGIN -- User trizxd123@gmail.com password do not match with status code (400)","method":"POST","timestamp":"2026-03-22 12:16:31"}
{"ip":"::1","level":"error","message":"AUTH LOGIN -- User trizxd123@gmail.com password do not match with status code (400)","method":"POST","timestamp":"2026-03-22 12:16:32"}
{"ip":"::1","level":"error","message":"AUTH LOGIN -- User trizxd123@gmail.com password do not match with status code (400)","method":"POST","timestamp":"2026-03-22 12:16:32"}
{"ip":"::1","level":"error","message":"AUTH LOGIN -- User trizxd123@gmail.com password do not match with status code (400)","method":"POST","timestamp":"2026-03-22 12:16:33"}
{"ip":"::1","level":"error","message":"AUTH LOGIN -- User trizxd123@gmail.com password do not match with status code (400)","method":"POST","timestamp":"2026-03-22 12:16:33"}
{"ip":"::1","level":"error","message":"AUTH LOGIN -- User trizxd123@gmail.com password do not match with status code (400)","method":"POST","timestamp":"2026-03-22 12:16:36"}
{"ip":"::1","level":"error","message":"AUTH LOGIN -- User trizxd123@gmail.com password do not match with status code (400)","method":"POST","timestamp":"2026-03-22 12:16:36"}
{"ip":"::1","level":"error","message":"AUTH LOGIN -- User trizxd123@gmail.com password do not match with status code (400)","method":"POST","timestamp":"2026-03-22 12:16:53"}
{"ip":"::1","level":"error","message":"AUTH LOGIN -- User trizxd123@gmail.com password do not match with status code (400)","method":"POST","timestamp":"2026-03-22 12:16:55"}
{"ip":"::1","level":"error","message":"AUTH LOGIN -- User trizxd123@gmail.com password do not match with status code (400)","method":"POST","timestamp":"2026-03-22 12:16:55"}
{"ip":"::1","level":"error","message":"AUTH LOGIN -- User trizxd123@gmail.com password do not match with status code (400)","method":"POST","timestamp":"2026-03-22 12:31:43"}
{"ip":"::1","level":"error","message":"AUTH LOGIN -- User trizxd123@gmail.com password do not match with status code (400)","method":"POST","timestamp":"2026-03-22 12:32:05"}
{"ip":"::1","level":"error","message":"AUTH LOGIN -- User trizxd123@gmail.com password do not match with status code (400)","method":"POST","timestamp":"2026-03-22 12:32:19"}
{"ip":"::1","level":"error","message":"AUTH LOGIN -- User trizxd123@gmail.com password do not match with status code (400)","method":"POST","timestamp":"2026-03-22 12:32:23"}
{"ip":"::1","level":"error","message":"AUTH LOGIN -- User trizxd123@gmail.com password do not match with status code (400)","method":"POST","timestamp":"2026-03-22 12:32:45"}
{"ip":"::1","level":"error","message":"AUTH LOGIN -- User trizxd123@gmail.com password do not match with status code (400)","method":"POST","timestamp":"2026-03-22 12:32:46"}
{"ip":"::1","level":"error","message":"AUTH LOGIN -- User trizxd123@gmail.com password do not match with status code (400)","method":"POST","timestamp":"2026-03-22 12:32:46"}
{"ip":"::1","level":"error","message":"AUTH LOGIN -- User trizxd123@gmail.com password do not match with status code (400)","method":"POST","timestamp":"2026-03-22 18:51:08"}
{"ip":"::1","level":"error","message":"AUTH LOGIN -- User trizxd123@gmail.com password do not match with status code (400)","method":"POST","timestamp":"2026-03-22 18:52:22"}
{"ip":"::1","level":"error","message":"AUTH LOGIN -- User trizxd123@gmail.com password do not match with status code (400)","method":"POST","timestamp":"2026-03-22 18:56:36"}
{"ip":"::1","level":"error","message":"AUTH LOGIN -- User trizxd123@gmail.com password do not match with status code (400)","method":"POST","timestamp":"2026-03-22 18:56:52"}
{"ip":"::1","level":"error","message":"AUTH LOGIN -- Cannot read properties of null (reading 'email') with status code (500)","method":"POST","timestamp":"2026-03-22 18:58:28"}
{"ip":"::1","level":"error","message":"AUTH LOGIN -- User trizxd123@gmail.com password do not match with status code (400)","method":"POST","timestamp":"2026-03-22 18:58:56"}
{"ip":"::1","level":"error","message":"AUTH LOGIN -- User trizxd123@gmail.com password do not match with status code (400)","method":"POST","timestamp":"2026-03-22 19:02:46"}
{"ip":"::1","level":"error","message":"AUTH LOGIN -- User trizxd123@gmail.com password do not match with status code (400)","method":"POST","timestamp":"2026-03-22 19:07:15"}
{"ip":"::1","level":"error","message":"AUTH LOGIN -- User trizxd123@gmail.com password do not match with status code (400)","method":"POST","timestamp":"2026-03-22 19:08:00"}
{"ip":"::1","level":"error","message":"AUTH LOGIN -- User trizxd123@gmail.com password do not match with status code (400)","method":"POST","timestamp":"2026-03-22 19:08:03"}
{"ip":"::1","level":"error","message":"AUTH LOGIN -- User trizxd123@gmail.com password do not match with status code (400)","method":"POST","timestamp":"2026-03-22 19:08:14"}
{"ip":"::1","level":"error","message":"AUTH LOGIN -- Cannot read properties of null (reading 'email') with status code (500)","method":"POST","timestamp":"2026-03-22 19:10:39"}
{"ip":"::1","level":"error","message":"AUTH LOGIN -- User trizxd123@gmail.com password do not match with status code (400)","method":"POST","timestamp":"2026-03-22 19:10:55"}
{"ip":"::1","level":"error","message":"AUTH LOGIN -- Cannot read properties of null (reading 'email') with status code (500)","method":"POST","timestamp":"2026-03-22 19:11:20"}
{"ip":"::1","level":"error","message":"AUTH LOGIN -- User triztanverzosa.pdm@gmail.com password do not match with status code (400)","method":"POST","timestamp":"2026-03-22 19:18:01"}
{"ip":"::1","level":"error","message":"AUTH LOGIN -- User asd@gmail.com password do not match with status code (400)","method":"POST","timestamp":"2026-03-22 19:18:10"}
{"ip":"::1","level":"error","message":"ROOM CREATE -- Attempted to create a room with an existing name","method":"POST","timestamp":"2026-03-22 19:25:04"}
{"ip":"::1","level":"error","message":"AUTH LOGIN -- User trizxd123@gmail.com password do not match with status code (400)","method":"POST","timestamp":"2026-03-22 19:33:54"}
{"ip":"::1","level":"error","message":"AUTH LOGIN -- User asd@gmail.com password do not match with status code (400)","method":"POST","timestamp":"2026-03-22 19:34:50"}
{"ip":"::1","level":"error","message":"AUTH LOGIN -- User asd@gmail.com password do not match with status code (400)","method":"POST","timestamp":"2026-03-22 19:45:18"}
{"ip":"::1","level":"error","message":"AUTH LOGIN -- User trizxd123@gmail.com password do not match with status code (400)","method":"POST","timestamp":"2026-03-22 19:54:17"}
{"ip":"::1","level":"error","message":"ROOM CREATE -- Attempted to create a room with an existing name","method":"POST","timestamp":"2026-03-23 08:36:17"}
{"ip":"::1","level":"error","message":"AUTH LOGIN -- User trizxd123@gmail.com password do not match with status code (400)","method":"POST","timestamp":"2026-03-23 19:39:11"}
{"ip":"::1","level":"error","message":"AUTH LOGIN -- User trizxd123@gmail.com password do not match with status code (400)","method":"POST","timestamp":"2026-03-25 21:50:38"}
{"ip":"::1","level":"error","message":"AUTH LOGIN -- User trizxd123@gmail.com password do not match with status code (400)","method":"POST","timestamp":"2026-03-26 19:04:24"}
{"ip":"::1","level":"error","message":"DEVICE ADD -- device_locaiton is not defined","method":"POST","timestamp":"2026-03-26 23:38:37"}
{"ip":"::1","level":"error","message":"DEVICE ADD -- device_locaiton is not defined","method":"POST","timestamp":"2026-03-26 23:38:39"}
{"ip":"::1","level":"error","message":"DEVICE ADD -- device_locaiton is not defined","method":"POST","timestamp":"2026-03-26 23:38:39"}
{"ip":"::1","level":"error","message":"DEVICE ADD -- device_locaiton is not defined","method":"POST","timestamp":"2026-03-26 23:38:39"}
{"ip":"::1","level":"error","message":"DEVICE ADD -- device_locaiton is not defined","method":"POST","timestamp":"2026-03-26 23:38:51"}
{"ip":"::1","level":"error","message":"DEVICE ADD -- device_locaiton is not defined","method":"POST","timestamp":"2026-03-26 23:38:52"}
{"ip":"::1","level":"error","message":"DEVICE ADD -- device_locaiton is not defined","method":"POST","timestamp":"2026-03-26 23:38:52"}
{"ip":"::1","level":"error","message":"DEVICE ADD -- device_locaiton is not defined","method":"POST","timestamp":"2026-03-26 23:38:52"}
{"ip":"::1","level":"error","message":"DEVICE ADD -- device_locaiton is not defined","method":"POST","timestamp":"2026-03-26 23:38:53"}
{"ip":"::ffff:127.0.0.1","level":"error","message":"DEVICE ADD -- device_locaiton is not defined","method":"POST","timestamp":"2026-03-26 23:39:04"}
{"ip":"::ffff:127.0.0.1","level":"error","message":"DEVICE ADD -- device_locaiton is not defined","method":"POST","timestamp":"2026-03-26 23:39:05"}
{"ip":"::ffff:127.0.0.1","level":"error","message":"DEVICE ADD -- Device.exist is not a function","method":"POST","timestamp":"2026-03-26 23:39:27"}
{"ip":"::1","level":"error","message":"AUTH LOGIN -- Cannot read properties of null (reading 'email') with status code (500)","method":"POST","timestamp":"2026-03-28 14:12:23"}
{"ip":"::1","level":"error","message":"AUTH LOGIN -- Cannot read properties of null (reading 'email') with status code (500)","method":"POST","timestamp":"2026-03-28 14:12:29"}
{"ip":"::1","level":"error","message":"AUTH LOGIN -- Cannot read properties of null (reading 'email') with status code (500)","method":"POST","timestamp":"2026-03-28 14:12:36"}
{"ip":"::1","level":"error","message":"AUTH LOGIN -- Cannot read properties of null (reading 'email') with status code (500)","method":"POST","timestamp":"2026-03-28 14:25:19"}
{"ip":"::1","level":"error","message":"AUTH LOGIN -- Cannot read properties of null (reading 'email') with status code (500)","method":"POST","timestamp":"2026-04-01 23:52:01"}
{"ip":"::1","level":"error","message":"AUTH LOGIN -- getaddrinfo ENOTFOUND ac-2t7xlfj-shard-00-01.ltehxzm.mongodb.net with status code (500)","method":"POST","timestamp":"2026-04-06 13:23:03"}
{"ip":"::1","level":"error","message":"AUTH LOGIN -- getaddrinfo ENOTFOUND ac-2t7xlfj-shard-00-01.ltehxzm.mongodb.net with status code (500)","method":"POST","timestamp":"2026-04-06 13:23:05"}
{"ip":"::1","level":"error","message":"AUTH LOGIN -- getaddrinfo ENOTFOUND ac-2t7xlfj-shard-00-01.ltehxzm.mongodb.net with status code (500)","method":"POST","timestamp":"2026-04-06 13:23:40"}
{"ip":"::1","level":"error","message":"AUTH LOGIN -- User trizxd123@gmail.com password do not match with status code (400)","method":"POST","timestamp":"2026-04-07 18:10:14"}
{"ip":"::1","level":"error","message":"AUTH LOGIN -- User trizxd123@gmail.com password do not match with status code (400)","method":"POST","timestamp":"2026-04-07 18:10:18"}
{"ip":"::1","level":"error","message":"AUTH LOGIN -- Cannot read properties of null (reading 'email') with status code (500)","method":"POST","timestamp":"2026-04-07 18:10:41"}
{"ip":"::1","level":"error","message":"AUTH LOGIN -- Cannot read properties of null (reading 'email') with status code (500)","method":"POST","timestamp":"2026-04-08 14:31:40"}
{"ip":"::1","level":"error","message":"AUTH LOGIN -- Cannot read properties of null (reading 'email') with status code (500)","method":"POST","timestamp":"2026-04-08 14:31:54"}
{"ip":"::1","level":"error","message":"ORGANIZATION ADD -- Organization validation failed: organization_owner: Path `organization_owner` is required., organization_name: Path `organization_name` is required.","method":"POST","timestamp":"2026-04-08 22:27:03"}
{"ip":"::1","level":"error","message":"ORGANIZATION ADD -- Organization validation failed: organization_owner: Path `organization_owner` is required., organization_name: Path `organization_name` is required.","method":"POST","timestamp":"2026-04-08 22:28:31"}
{"ip":"::1","level":"error","message":"ORGANIZATION ADD -- Organization validation failed: organization_owner: Path `organization_owner` is required., organization_name: Path `organization_name` is required.","method":"POST","timestamp":"2026-04-08 22:30:24"}
{"ip":"::1","level":"error","message":"ORGANIZATION ADD -- Organization validation failed: organization_owner: Path `organization_owner` is required., organization_name: Path `organization_name` is required.","method":"POST","timestamp":"2026-04-08 22:37:48"}
{"ip":"::1","level":"error","message":"ORGANIZATION ADD -- Organization validation failed: organization_owner: Path `organization_owner` is required., organization_name: Path `organization_name` is required.","method":"POST","timestamp":"2026-04-08 22:40:35"}
{"ip":"::1","level":"error","message":"ORGANIZATION ADD -- Organization validation failed: organization_name: Path `organization_name` is required.","method":"POST","timestamp":"2026-04-08 22:45:19"}
{"ip":"::1","level":"error","message":"ORGANIZATION ADD -- Organization validation failed: organization_name: Path `organization_name` is required.","method":"POST","timestamp":"2026-04-08 22:45:28"}
{"ip":"::1","level":"error","message":"AUTH LOGIN -- User trizxd123@gmail.com password do not match with status code (400)","method":"POST","timestamp":"2026-04-09 20:38:06"}
{"ip":"::1","level":"error","message":"AUTH LOGIN -- Cannot read properties of null (reading 'email') with status code (500)","method":"POST","timestamp":"2026-04-09 20:44:24"}
{"ip":"::1","level":"error","message":"AUTH LOGIN -- Cannot read properties of null (reading 'email') with status code (500)","method":"POST","timestamp":"2026-04-11 14:34:55"}
{"ip":"::1","level":"error","message":"AUTH LOGIN -- Cannot read properties of null (reading 'email') with status code (500)","method":"POST","timestamp":"2026-04-11 14:35:42"}
{"ip":"::1","level":"error","message":"AUTH LOGIN -- Cannot read properties of null (reading 'email') with status code (500)","method":"POST","timestamp":"2026-04-11 14:36:01"}
{"ip":"::1","level":"error","message":"AUTH LOGIN -- Cannot read properties of null (reading 'email') with status code (500)","method":"POST","timestamp":"2026-04-11 14:36:23"}
{"ip":"::1","level":"error","message":"AUTH LOGIN -- Cannot read properties of null (reading 'email') with status code (500)","method":"POST","timestamp":"2026-04-11 14:36:57"}
{"ip":"::1","level":"error","message":"ORGANIZATION ADD -- Organization validation failed: organization_name: Path `organization_name` is required.","method":"POST","timestamp":"2026-04-09 22:27:11"}
{"ip":"::1","level":"error","message":"AUTH UPDATE ORG -- populatedRoom is not defined with status code (500)","method":"PATCH","timestamp":"2026-04-10 00:26:30"}
{"ip":"::1","level":"error","message":"AUTH UPDATE ORG -- populatedRoom is not defined with status code (500)","method":"PATCH","timestamp":"2026-04-10 00:27:45"}
{"ip":"::1","level":"error","message":"AUTH LOGIN -- User dork.pdm@gmail.com password do not match with status code (400)","method":"POST","timestamp":"2026-04-12 17:36:56"}
{"ip":"::1","level":"error","message":"SCHEDULE CREATE -- Schedule validation failed: subject: Cast to ObjectId failed for value \"\" (type string) at path \"subject\" because of \"BSONError\", day: Path `day` is required., time_start: Path `time_start` is required., time_end: Path `time_end` is required.","method":"POST","timestamp":"2026-04-13 02:40:03"}
{"ip":"::1","level":"error","message":"ROOM CREATE -- Attempted to create a room with an existing name","method":"POST","timestamp":"2026-04-13 20:13:10"}
{"ip":"::1","level":"error","message":"ACTIVITY ADDED -- User is not defined","method":"POST","timestamp":"2026-04-13 21:30:59"}
{"ip":"::1","level":"error","message":"ACTIVITY FETCHED -- Cast to ObjectId failed for value \"undefined\" (type string) at path \"room_id\" for model \"Activity\"","method":"GET","timestamp":"2026-04-13 23:00:39"}
{"ip":"::1","level":"error","message":"ACTIVITY FETCHED -- Cast to ObjectId failed for value \"undefined\" (type string) at path \"room_id\" for model \"Activity\"","method":"GET","timestamp":"2026-04-13 23:00:42"}
{"ip":"::1","level":"error","message":"ACTIVITY FETCHED -- Cast to ObjectId failed for value \"undefined\" (type string) at path \"room_id\" for model \"Activity\"","method":"GET","timestamp":"2026-04-13 23:00:47"}
{"ip":"::1","level":"error","message":"ACTIVITY FETCHED -- Cast to ObjectId failed for value \"undefined\" (type string) at path \"room_id\" for model \"Activity\"","method":"GET","timestamp":"2026-04-13 23:01:14"}
{"ip":"::1","level":"error","message":"ACTIVITY FETCHED -- Cast to ObjectId failed for value \"undefined\" (type string) at path \"room_id\" for model \"Activity\"","method":"GET","timestamp":"2026-04-13 23:02:17"}
<<<<<<< HEAD
{"ip":"::1","level":"error","message":"ROOM CREATE -- Attempted to create a room with an existing name","method":"POST","timestamp":"2026-04-15 19:01:24"}
=======
{"ip":"::1","level":"error","message":"AUTH USERDATA -- Cannot read properties of null (reading 'first_name') with status code (500)","method":"GET","timestamp":"2026-04-14 22:59:55"}
{"ip":"::1","level":"error","message":"AUTH LOGIN -- Cannot read properties of null (reading 'email') with status code (500)","method":"POST","timestamp":"2026-04-14 23:00:22"}
{"ip":"::1","level":"error","message":"AUTH LOGIN -- Cannot read properties of null (reading 'email') with status code (500)","method":"POST","timestamp":"2026-04-14 23:00:26"}
{"ip":"::1","level":"error","message":"AUTH LOGIN -- Cannot read properties of null (reading 'email') with status code (500)","method":"POST","timestamp":"2026-04-14 23:00:31"}
{"ip":"::1","level":"error","message":"ORGANIZATION MEMBERS -- organization is not defined","method":"GET","timestamp":"2026-04-14 23:11:02"}
{"ip":"::1","level":"error","message":"ORGANIZATION MEMBERS -- organization is not defined","method":"GET","timestamp":"2026-04-14 23:11:06"}
{"ip":"::1","level":"error","message":"ORGANIZATION MEMBERS -- organization is not defined","method":"GET","timestamp":"2026-04-14 23:12:05"}
{"ip":"::1","level":"error","message":"ORGANIZATION MEMBERS -- organization is not defined","method":"GET","timestamp":"2026-04-14 23:12:34"}
{"ip":"::1","level":"error","message":"ORGANIZATION MEMBERS -- organization is not defined","method":"GET","timestamp":"2026-04-14 23:13:50"}
{"ip":"::ffff:127.0.0.1","level":"error","message":"ORGANIZATION MEMBERS -- organization is not defined","method":"GET","timestamp":"2026-04-14 23:14:11"}
{"ip":"::1","level":"error","message":"ORGANIZATION MEMBERS -- organization is not defined","method":"GET","timestamp":"2026-04-14 23:15:57"}
{"ip":"::1","level":"error","message":"ORGANIZATION MEMBERS -- organization is not defined","method":"GET","timestamp":"2026-04-14 23:16:29"}
{"ip":"::1","level":"error","message":"ORGANIZATION MEMBERS -- organization is not defined","method":"GET","timestamp":"2026-04-14 23:16:54"}
{"ip":"::1","level":"error","message":"ORGANIZATION MEMBERS -- organization is not defined","method":"GET","timestamp":"2026-04-14 23:17:08"}
{"ip":"::1","level":"error","message":"ORGANIZATION MEMBERS -- organization is not defined","method":"GET","timestamp":"2026-04-14 23:17:18"}
{"ip":"::1","level":"error","message":"ORGANIZATION MEMBERS -- organization is not defined","method":"GET","timestamp":"2026-04-14 23:17:21"}
{"ip":"::1","level":"error","message":"ORGANIZATION MEMBERS -- organization is not defined","method":"GET","timestamp":"2026-04-14 23:17:30"}
{"ip":"::1","level":"error","message":"ORGANIZATION MEMBERS -- organization is not defined","method":"GET","timestamp":"2026-04-14 23:18:37"}
{"ip":"::1","level":"error","message":"ORGANIZATION MEMBERS -- organization is not defined","method":"GET","timestamp":"2026-04-14 23:18:39"}
{"ip":"::1","level":"error","message":"ORGANIZATION MEMBERS -- organization is not defined","method":"GET","timestamp":"2026-04-14 23:18:42"}
{"ip":"::1","level":"error","message":"ORGANIZATION MEMBERS -- organization is not defined","method":"GET","timestamp":"2026-04-14 23:19:09"}
{"ip":"::1","level":"error","message":"ORGANIZATION MEMBERS -- organization is not defined","method":"GET","timestamp":"2026-04-14 23:19:10"}
{"ip":"::1","level":"error","message":"ORGANIZATION MEMBERS -- organization is not defined","method":"GET","timestamp":"2026-04-14 23:19:14"}
{"ip":"::1","level":"error","message":"ORGANIZATION MEMBERS -- organization is not defined","method":"GET","timestamp":"2026-04-14 23:19:15"}
{"ip":"::1","level":"error","message":"ORGANIZATION MEMBERS -- organization is not defined","method":"GET","timestamp":"2026-04-14 23:19:18"}
>>>>>>> 5f9b3cc2d807dca69aa1e905b0b29abebf62c588
<<<<<<< HEAD
{"ip":"::1","level":"error","message":"AUTH LOGIN -- User hard@gmail.com password do not match with status code (400)","method":"POST","timestamp":"2026-04-16 16:51:23"}
{"ip":"::1","level":"error","message":"CLASSROOM REQUEST APPROVE -- Room validation failed: room_owner: Path `room_owner` is required.","method":"POST","timestamp":"2026-04-16 16:51:39"}
=======
{"ip":"::1","level":"error","message":"AUTH UPDATE ORG -- Cast to ObjectId failed for value \"Pambayang Dalubhasaan ng Marilao\" (type string) at path \"user_organization\" because of \"BSONError\" with status code (500)","method":"PATCH","timestamp":"2026-04-15 23:42:54"}
{"ip":"::1","level":"error","message":"AUTH UPDATE ORG -- Cast to ObjectId failed for value \"Pambayang Dalubhasaan ng Marilao\" (type string) at path \"user_organization\" because of \"BSONError\" with status code (500)","method":"PATCH","timestamp":"2026-04-15 23:43:01"}
{"ip":"::1","level":"error","message":"AUTH UPDATE ORG -- Cast to ObjectId failed for value \"Pambayang Dalubhasaan ng Marilao\" (type string) at path \"user_organization\" because of \"BSONError\" with status code (500)","method":"PATCH","timestamp":"2026-04-15 23:43:12"}
{"ip":"::1","level":"error","message":"AUTH UPDATE ORG -- Cast to ObjectId failed for value \"Pambayang Dalubhasaan ng Marilao\" (type string) at path \"user_organization\" because of \"BSONError\" with status code (500)","method":"PATCH","timestamp":"2026-04-15 23:43:22"}
{"ip":"::1","level":"error","message":"ROOM CREATE -- Attempted to create a room with an existing name","method":"POST","timestamp":"2026-04-15 23:46:17"}
{"ip":"::1","level":"error","message":"ROOM CREATE -- Attempted to create a room with an existing name","method":"POST","timestamp":"2026-04-16 10:22:56"}
>>>>>>> 20986dcc8e2d0ff6420fac9b350da7fcd3a81dcd
